2024-11-04 21:40:57.604622: Original Data:
                                Date        SP500    Dividend     Earnings  Consumer Price Index  Long Interest Rate   Real Price  Real Dividend  Real Earnings         PE10
count                           1833  1833.000000  1833.00000  1833.000000           1833.000000         1833.000000  1833.000000    1833.000000    1833.000000  1833.000000
mean   1946-11-21 15:14:26.121112960   376.970841     7.46952    17.554663             65.328385            4.487376   743.788865      20.212477      41.105701    19.461124
min              1871-01-01 00:00:00     2.730000     0.00000     0.000000              6.280000            0.620000    82.870000       0.000000       0.000000     0.000000
25%              1909-01-02 00:00:00     7.930000     0.42000     0.565800             10.280000            3.160000   210.300000      10.580000      15.810000    14.500000
50%              1947-01-04 00:00:00    18.070000     0.92000     1.530000             21.900000            3.800000   323.050000      16.230000      26.980000    19.790000
75%              1985-01-06 00:00:00   186.200000     7.69000    14.893300            107.800000            5.100000   812.920000      25.660000      49.600000    24.360000
max              2023-01-09 00:00:00  4674.772727    68.71000   197.910000            306.130000           15.320000  5140.590000      71.220000     217.260000    48.110000
std                              NaN   808.285426    13.63831    34.559959             80.137018            2.297622   915.515193      13.527364      37.659732     8.804217
2024-11-04 21:40:57.622161: Handled 304 duplicates by averaging.
2024-11-04 21:40:57.679575: Final Data After Filling:
                                Date         SP500      Dividend      Earnings  Consumer Price Index  Long Interest Rate    Real Price  Real Dividend  Real Earnings          PE10
count                          55526  55526.000000  55526.000000  55526.000000          55526.000000        55526.000000  55526.000000   55526.000000   55526.000000  55526.000000
mean   1947-01-05 11:59:59.999999872    375.852642      7.583322     17.823325             65.292482            4.459948    744.252213      20.376239      41.494893     19.430982
min              1871-01-01 00:00:00      2.730000      0.000000      0.000000              6.280000            0.620000     82.870000       0.000000       0.000000      0.000000
25%              1909-01-03 06:00:00      8.025011      0.424919      0.585431             10.280000            3.136907    209.817055      10.676356      16.135634     14.280445
50%              1947-01-05 12:00:00     17.962874      0.955783      1.602965             22.246822            3.803782    313.525551      16.107472      27.627490     19.640021
75%              1985-01-06 18:00:00    187.450000      7.714349     15.047798            107.750000            4.983486    798.098503      25.659633      49.939534     24.226411
max              2023-01-09 00:00:00   4674.772727     68.710000    197.910000            306.130000           15.320000   5140.590000      71.220000     217.260000     48.110000
std                              NaN    802.765725     13.797114     34.794039             79.682563            2.243244    915.494636      13.672984      37.867993      8.601664
