2024-11-04 21:40:57.420590: Original Data:
                                Date       Price
count                           2301  2301.00000
mean   1928-10-31 09:38:15.176010240   208.28100
min              1833-01-01 00:00:00    17.06000
25%              1880-12-01 00:00:00    18.93000
50%              1928-11-01 00:00:00    20.66000
75%              1976-10-01 00:00:00   160.45000
max              2024-09-01 00:00:00  2570.55000
std                              NaN   422.63896
2024-11-04 21:40:57.442205: Final Data After Filling:
                      Date         Price
count                70006  70006.000000
mean   1928-11-01 12:00:00    207.860123
min    1833-01-01 00:00:00     17.060000
25%    1880-12-01 06:00:00     18.935161
50%    1928-11-01 12:00:00     20.660000
75%    1976-10-01 18:00:00    160.675565
max    2024-09-01 00:00:00   2570.550000
std                    NaN    421.264713
